<?xml version="1.0" encoding="UTF-8"?>
<!-- Generated by org.testng.reporters.JUnitReportReporter -->
<testsuite hostname="Ashu" failures="0" tests="3" name="com.myntrajio.WomensProductTest.WomensProductTest" time="0.008" errors="0" timestamp="2024-08-15T16:11:39 IST" skipped="0">
  <testcase classname="com.myntrajio.WomensProductTest.WomensProductTest" name="removeproduct" time="0.004"/>
  <system-out>
    <![CDATA[Womens Product Removed Success]]>
  </system-out>
  <testcase classname="com.myntrajio.WomensProductTest.WomensProductTest" name="addproduct" time="0.002"/>
  <system-out>
    <![CDATA[Womens Product Added Success]]>
  </system-out>
  <testcase classname="com.myntrajio.WomensProductTest.WomensProductTest" name="updateproduct" time="0.002"/>
  <system-out>
    <![CDATA[Womens Product Updated Success]]>
  </system-out>
</testsuite> <!-- com.myntrajio.WomensProductTest.WomensProductTest -->
