<?xml version="1.0" encoding="UTF-8"?>
<!-- Generated by org.testng.reporters.JUnitReportReporter -->
<testsuite hostname="Ashu" failures="0" tests="3" name="com.myntrajio.MensProductTest.MensProductTest" time="0.009" errors="0" timestamp="2024-08-15T16:11:39 IST" skipped="0">
  <testcase classname="com.myntrajio.MensProductTest.MensProductTest" name="addproduct" time="0.004"/>
  <system-out>
    <![CDATA[Mens Product Added Success]]>
  </system-out>
  <testcase classname="com.myntrajio.MensProductTest.MensProductTest" name="removeproduct" time="0.002"/>
  <system-out>
    <![CDATA[Mens Product Removed Success]]>
  </system-out>
  <testcase classname="com.myntrajio.MensProductTest.MensProductTest" name="updateproduct" time="0.003"/>
  <system-out>
    <![CDATA[Mens Product Updated Success]]>
  </system-out>
</testsuite> <!-- com.myntrajio.MensProductTest.MensProductTest -->
