<?xml version="1.0" encoding="UTF-8"?>
<!-- Generated by org.testng.reporters.JUnitReportReporter -->
<testsuite hostname="Ashu" failures="0" tests="3" name="com.myntrajio.ElectronicproductTest.ElectronicProductTest" time="0.022" errors="0" timestamp="2024-08-15T16:11:39 IST" skipped="0">
  <testcase classname="com.myntrajio.ElectronicproductTest.ElectronicProductTest" name="addproduct" time="0.015"/>
  <system-out>
    <![CDATA[Electronic Product Added Success]]>
  </system-out>
  <testcase classname="com.myntrajio.ElectronicproductTest.ElectronicProductTest" name="removeproduct" time="0.003"/>
  <system-out>
    <![CDATA[Electronic Product Removed Success]]>
  </system-out>
  <testcase classname="com.myntrajio.ElectronicproductTest.ElectronicProductTest" name="updateproduct" time="0.004"/>
  <system-out>
    <![CDATA[Electronic Product Updated Success]]>
  </system-out>
</testsuite> <!-- com.myntrajio.ElectronicproductTest.ElectronicProductTest -->
