<?xml version="1.0" encoding="UTF-8"?>
<!-- Generated by org.testng.reporters.JUnitReportReporter -->
<testsuite hostname="Ashu" failures="0" tests="3" name="com.myntrajio.KidsProductTest.KidsProductTest" time="0.011" errors="0" timestamp="2024-08-15T16:11:39 IST" skipped="0">
  <testcase classname="com.myntrajio.KidsProductTest.KidsProductTest" name="removeproduct" time="0.005"/>
  <system-out>
    <![CDATA[KidsProduct Removed Success]]>
  </system-out>
  <testcase classname="com.myntrajio.KidsProductTest.KidsProductTest" name="addproduct" time="0.004"/>
  <system-out>
    <![CDATA[KidsProduct Added Success]]>
  </system-out>
  <testcase classname="com.myntrajio.KidsProductTest.KidsProductTest" name="updateproduct" time="0.002"/>
  <system-out>
    <![CDATA[KidsProduct Updated Success]]>
  </system-out>
</testsuite> <!-- com.myntrajio.KidsProductTest.KidsProductTest -->
